<?xml version="1.0" encoding="UTF-8"?>
<!-- Generated by org.testng.reporters.JUnitXMLReporter -->
<testsuite hostname="ITEM-70240" name="Test" tests="4" failures="0" timestamp="18 Apr 2020 10:57:25 GMT" time="0.063" errors="0">
  <testcase name="beforeTestMethod" time="0.02" classname="Homeloans.homeloginTest"/>
  <testcase name="loginPage" time="0.001" classname="Homeloans.homeloginTest"/>
  <testcase name="secondPage" time="0.001" classname="Homeloans.homeloginTest"/>
  <testcase name="thirdPage" time="0.007" classname="Homeloans.homeloginTest"/>
</testsuite> <!-- Test -->
