<?xml version="1.0" encoding="UTF-8"?>
<!-- Generated by org.testng.reporters.JUnitXMLReporter -->
<testsuite hostname="ITEM-70240" name="Test" tests="4" failures="0" timestamp="22 Apr 2020 00:58:29 GMT" time="0.034" errors="0">
  <testcase name="beforeTestMethod" time="0.014" classname="Homeloans.homeloginTest"/>
  <testcase name="loginPage" time="0.001" classname="Homeloans.homeloginTest"/>
  <testcase name="secondPage" time="0.001" classname="Homeloans.homeloginTest"/>
  <testcase name="thirdPage" time="0.0" classname="Homeloans.homeloginTest"/>
</testsuite> <!-- Test -->
