<?xml version="1.0" encoding="UTF-8"?>
<testng-results skipped="0" failed="0" total="4" passed="4">
  <reporter-output>
  </reporter-output>
  <suite name="Suite" duration-ms="97" started-at="2020-04-21T16:43:04Z" finished-at="2020-04-21T16:43:04Z">
    <groups>
    </groups>
    <test name="Test" duration-ms="97" started-at="2020-04-21T16:43:04Z" finished-at="2020-04-21T16:43:04Z">
      <class name="Homeloans.homeloginTest">
        <test-method status="PASS" signature="beforeTestMethod()[pri:0, instance:Homeloans.homeloginTest@51931956]" name="beforeTestMethod" duration-ms="50" started-at="2020-04-21T22:13:04Z" finished-at="2020-04-21T22:13:04Z">
          <reporter-output>
          </reporter-output>
        </test-method> <!-- beforeTestMethod -->
        <test-method status="PASS" signature="loginPage()[pri:0, instance:Homeloans.homeloginTest@51931956]" name="loginPage" duration-ms="1" started-at="2020-04-21T22:13:04Z" finished-at="2020-04-21T22:13:04Z">
          <reporter-output>
          </reporter-output>
        </test-method> <!-- loginPage -->
        <test-method status="PASS" signature="secondPage()[pri:0, instance:Homeloans.homeloginTest@51931956]" name="secondPage" duration-ms="1" started-at="2020-04-21T22:13:04Z" finished-at="2020-04-21T22:13:04Z">
          <reporter-output>
          </reporter-output>
        </test-method> <!-- secondPage -->
        <test-method status="PASS" signature="thirdPage()[pri:0, instance:Homeloans.homeloginTest@51931956]" name="thirdPage" duration-ms="1" started-at="2020-04-21T22:13:04Z" finished-at="2020-04-21T22:13:04Z">
          <reporter-output>
          </reporter-output>
        </test-method> <!-- thirdPage -->
      </class> <!-- Homeloans.homeloginTest -->
    </test> <!-- Test -->
  </suite> <!-- Suite -->
</testng-results>
