<?xml version="1.0" encoding="UTF-8"?>
<testsuite xmlns:xsi="http://www.w3.org/2001/XMLSchema-instance" xsi:noNamespaceSchemaLocation="https://maven.apache.org/surefire/maven-surefire-plugin/xsd/surefire-test-report.xsd" name="TestSuite" time="18.596" tests="4" errors="0" skipped="0" failures="0">
  <properties>
[...]
</properties>
  <testcase name="beforeTestMethod" classname="Homeloans.homeloginTest" time="0.051"/>
  <testcase name="loginPage" classname="Homeloans.homeloginTest" time="0.001"/>
  <testcase name="secondPage" classname="Homeloans.homeloginTest" time="0"/>
  <testcase name="thirdPage" classname="Homeloans.homeloginTest" time="0"/>
</testsuite>