<?xml version="1.0" encoding="UTF-8"?>
<testng-results skipped="0" failed="0" total="1" passed="1">
  <reporter-output>
  </reporter-output>
  <suite name="Default suite" duration-ms="38935" started-at="2020-04-19T11:27:28Z" finished-at="2020-04-19T11:28:07Z">
    <groups>
    </groups>
    <test name="Default test" duration-ms="38935" started-at="2020-04-19T11:27:28Z" finished-at="2020-04-19T11:28:07Z">
      <class name="SeleniumTopics.ReadPDF">
        <test-method status="PASS" signature="ReadPDFFie()[pri:0, instance:SeleniumTopics.ReadPDF@71c8becc]" name="ReadPDFFie" duration-ms="38906" started-at="2020-04-19T16:57:28Z" finished-at="2020-04-19T16:58:07Z">
          <reporter-output>
          </reporter-output>
        </test-method> <!-- ReadPDFFie -->
      </class> <!-- SeleniumTopics.ReadPDF -->
    </test> <!-- Default test -->
  </suite> <!-- Default suite -->
</testng-results>
